2023-08-06 08:04:47.131098 - Initialized conversion of CBT860
2023-08-06 08:04:54.029999 - Received CBT.V505.FILE860.PDS from FILE860.XMI 
2023-08-06 08:04:54.032586 - Found $$$#DATE.txt (text/plain) in CBT.V505.FILE860.PDS, moved to PDS/$$$#DATE
2023-08-06 08:04:54.033704 - Found $$$COESP.txt (text/plain) in CBT.V505.FILE860.PDS, moved to PDS/$$$COESP
2023-08-06 08:04:54.034711 - Found $$INDEX.txt (text/plain) in CBT.V505.FILE860.PDS, moved to PDS/$$INDEX
2023-08-06 08:04:54.035674 - Found $$NOTES.txt (text/plain) in CBT.V505.FILE860.PDS, moved to PDS/$$NOTES
2023-08-06 08:04:54.036705 - Found $$RIGHTS.txt (text/plain) in CBT.V505.FILE860.PDS, moved to PDS/$$RIGHTS
2023-08-06 08:04:54.036715 - Found $FCB.bin containing application/octet-stream, moved to PDS/$FCB
2023-08-06 08:04:54.038610 - Found @@DYNAL.txt (text/plain) in CBT.V505.FILE860.PDS, moved to PDS/@@DYNAL
2023-08-06 08:04:54.039493 - Found @@SYSTEM.txt (text/plain) in CBT.V505.FILE860.PDS, moved to PDS/@@SYSTEM
2023-08-06 08:04:54.040503 - Found @BANDAID.txt (text/plain) in CBT.V505.FILE860.PDS, moved to PDS/@BANDAID
2023-08-06 08:04:54.041486 - Found @BANDESA.txt (text/plain) in CBT.V505.FILE860.PDS, moved to PDS/@BANDESA
2023-08-06 08:04:54.042420 - Found @CVLREAD.txt (text/plain) in CBT.V505.FILE860.PDS, moved to PDS/@CVLREAD
2023-08-06 08:04:54.043304 - Found @DCBEXIT.txt (text/plain) in CBT.V505.FILE860.PDS, moved to PDS/@DCBEXIT
2023-08-06 08:04:54.044145 - Found @FDRREAD.txt (text/plain) in CBT.V505.FILE860.PDS, moved to PDS/@FDRREAD
2023-08-06 08:04:54.045016 - Found @FILE860.txt (text/plain) in CBT.V505.FILE860.PDS, moved to PDS/@FILE860
2023-08-06 08:04:54.046024 - Found @FORMATS.txt (text/plain) in CBT.V505.FILE860.PDS, moved to PDS/@FORMATS
2023-08-06 08:04:54.046959 - Found @INPREAD.txt (text/plain) in CBT.V505.FILE860.PDS, moved to PDS/@INPREAD
2023-08-06 08:04:54.047869 - Found @OBTAINS.txt (text/plain) in CBT.V505.FILE860.PDS, moved to PDS/@OBTAINS
2023-08-06 08:04:54.048765 - Found @PARSER.txt (text/plain) in CBT.V505.FILE860.PDS, moved to PDS/@PARSER
2023-08-06 08:04:54.049791 - Found @PRINTER.txt (text/plain) in CBT.V505.FILE860.PDS, moved to PDS/@PRINTER
2023-08-06 08:04:54.050735 - Found @PROTECS.txt (text/plain) in CBT.V505.FILE860.PDS, moved to PDS/@PROTECS
2023-08-06 08:04:54.051769 - Found @SCREENS.txt (text/plain) in CBT.V505.FILE860.PDS, moved to PDS/@SCREENS
2023-08-06 08:04:54.053018 - Found @SERVICE.txt (text/plain) in CBT.V505.FILE860.PDS, moved to PDS/@SERVICE
2023-08-06 08:04:54.054021 - Found @SPIEDER.txt (text/plain) in CBT.V505.FILE860.PDS, moved to PDS/@SPIEDER
2023-08-06 08:04:54.055023 - Found @SRVJ041.txt (text/plain) in CBT.V505.FILE860.PDS, moved to PDS/@SRVJ041
2023-08-06 08:04:54.055951 - Found @SRVJ133.txt (text/plain) in CBT.V505.FILE860.PDS, moved to PDS/@SRVJ133
2023-08-06 08:04:54.056850 - Found @SRVJ220.txt (text/plain) in CBT.V505.FILE860.PDS, moved to PDS/@SRVJ220
2023-08-06 08:04:54.057869 - Found @SRVJ430.txt (text/plain) in CBT.V505.FILE860.PDS, moved to PDS/@SRVJ430
2023-08-06 08:04:54.058842 - Found @SRVJ520.txt (text/plain) in CBT.V505.FILE860.PDS, moved to PDS/@SRVJ520
2023-08-06 08:04:54.059862 - Found @STORAGE.txt (text/plain) in CBT.V505.FILE860.PDS, moved to PDS/@STORAGE
2023-08-06 08:04:54.060744 - Found @TMSREAD.txt (text/plain) in CBT.V505.FILE860.PDS, moved to PDS/@TMSREAD
2023-08-06 08:04:54.061814 - Found @VOLREAD.txt (text/plain) in CBT.V505.FILE860.PDS, moved to PDS/@VOLREAD
2023-08-06 08:04:54.062733 - Found ALLOCOUT.txt (text/plain) in CBT.V505.FILE860.PDS, moved to PDS/ALLOCOUT
2023-08-06 08:04:54.063672 - Found ALTTRACK.txt (text/plain) in CBT.V505.FILE860.PDS, moved to PDS/ALTTRACK
2023-08-06 08:04:54.064823 - Found ASMANY.txt (text/plain) in CBT.V505.FILE860.PDS, moved to PDS/ASMANY
2023-08-06 08:04:54.065740 - Found ASMANY2.txt (text/plain) in CBT.V505.FILE860.PDS, moved to PDS/ASMANY2
2023-08-06 08:04:54.066712 - Found ASMEXLST.txt (text/plain) in CBT.V505.FILE860.PDS, moved to PDS/ASMEXLST
2023-08-06 08:04:54.067673 - Found ASMTOZAP.txt (text/plain) in CBT.V505.FILE860.PDS, moved to PDS/ASMTOZAP
2023-08-06 08:04:54.068566 - Found ASM2SRC.txt (text/plain) in CBT.V505.FILE860.PDS, moved to PDS/ASM2SRC
2023-08-06 08:04:54.069497 - Found AUTOCMD.txt (text/plain) in CBT.V505.FILE860.PDS, moved to PDS/AUTOCMD
2023-08-06 08:04:54.070427 - Found AUTOIPL.txt (text/plain) in CBT.V505.FILE860.PDS, moved to PDS/AUTOIPL
2023-08-06 08:04:54.071551 - Found BANANAS.txt (text/plain) in CBT.V505.FILE860.PDS, moved to PDS/BANANAS
2023-08-06 08:04:54.072618 - Found BARCOD.txt (text/plain) in CBT.V505.FILE860.PDS, moved to PDS/BARCOD
2023-08-06 08:04:54.073683 - Found BARXER.txt (text/plain) in CBT.V505.FILE860.PDS, moved to PDS/BARXER
2023-08-06 08:04:54.074690 - Found BINLOOK.txt (text/plain) in CBT.V505.FILE860.PDS, moved to PDS/BINLOOK
2023-08-06 08:04:54.075661 - Found BLKDISK.txt (text/plain) in CBT.V505.FILE860.PDS, moved to PDS/BLKDISK
2023-08-06 08:04:54.076581 - Found BLOCKPRT.txt (text/plain) in CBT.V505.FILE860.PDS, moved to PDS/BLOCKPRT
2023-08-06 08:04:54.077454 - Found BSPGMADD.txt (text/plain) in CBT.V505.FILE860.PDS, moved to PDS/BSPGMADD
2023-08-06 08:04:54.078410 - Found BSPSSADD.txt (text/plain) in CBT.V505.FILE860.PDS, moved to PDS/BSPSSADD
2023-08-06 08:04:54.079318 - Found CAPACITY.txt (text/plain) in CBT.V505.FILE860.PDS, moved to PDS/CAPACITY
2023-08-06 08:04:54.080184 - Found CATCLEAN.txt (text/plain) in CBT.V505.FILE860.PDS, moved to PDS/CATCLEAN
2023-08-06 08:04:54.081020 - Found CBT973.txt (text/plain) in CBT.V505.FILE860.PDS, moved to PDS/CBT973
2023-08-06 08:04:54.081973 - Found CHKASVT.txt (text/plain) in CBT.V505.FILE860.PDS, moved to PDS/CHKASVT
2023-08-06 08:04:54.082965 - Found CICSCOMP.txt (text/plain) in CBT.V505.FILE860.PDS, moved to PDS/CICSCOMP
2023-08-06 08:04:54.083803 - Found CICSEND.txt (text/plain) in CBT.V505.FILE860.PDS, moved to PDS/CICSEND
2023-08-06 08:04:54.084603 - Found CLEANUP.txt (text/plain) in CBT.V505.FILE860.PDS, moved to PDS/CLEANUP
2023-08-06 08:04:54.085425 - Found CLEAR.txt (text/plain) in CBT.V505.FILE860.PDS, moved to PDS/CLEAR
2023-08-06 08:04:54.086335 - Found CLEARDSN.txt (text/plain) in CBT.V505.FILE860.PDS, moved to PDS/CLEARDSN
2023-08-06 08:04:54.087311 - Found CLEARPDS.txt (text/plain) in CBT.V505.FILE860.PDS, moved to PDS/CLEARPDS
2023-08-06 08:04:54.088286 - Found CLOKSYNC.txt (text/plain) in CBT.V505.FILE860.PDS, moved to PDS/CLOKSYNC
2023-08-06 08:04:54.089356 - Found CLRPOOL.txt (text/plain) in CBT.V505.FILE860.PDS, moved to PDS/CLRPOOL
2023-08-06 08:04:54.090356 - Found CMSLOAD.jcl (text/plain) in CBT.V505.FILE860.PDS, moved to PDS/CMSLOAD
2023-08-06 08:04:54.091233 - Found CMSLOADG.txt (text/plain) in CBT.V505.FILE860.PDS, moved to PDS/CMSLOADG
2023-08-06 08:04:54.092213 - Found CMSREST.txt (text/plain) in CBT.V505.FILE860.PDS, moved to PDS/CMSREST
2023-08-06 08:04:54.093143 - Found COMCHECK.txt (text/plain) in CBT.V505.FILE860.PDS, moved to PDS/COMCHECK
2023-08-06 08:04:54.094087 - Found COMMENT.txt (text/plain) in CBT.V505.FILE860.PDS, moved to PDS/COMMENT
2023-08-06 08:04:54.095078 - Found COMPARE.jcl (text/plain) in CBT.V505.FILE860.PDS, moved to PDS/COMPARE
2023-08-06 08:04:54.096091 - Found COMPAREB.txt (text/plain) in CBT.V505.FILE860.PDS, moved to PDS/COMPAREB
2023-08-06 08:04:54.097094 - Found COMPRESS.txt (text/plain) in CBT.V505.FILE860.PDS, moved to PDS/COMPRESS
2023-08-06 08:04:54.098066 - Found COMP3270.txt (text/plain) in CBT.V505.FILE860.PDS, moved to PDS/COMP3270
2023-08-06 08:04:54.098898 - Found CONDABND.txt (text/plain) in CBT.V505.FILE860.PDS, moved to PDS/CONDABND
2023-08-06 08:04:54.099756 - Found CONFIGSE.txt (text/plain) in CBT.V505.FILE860.PDS, moved to PDS/CONFIGSE
2023-08-06 08:04:54.100572 - Found CONVERT.txt (text/plain) in CBT.V505.FILE860.PDS, moved to PDS/CONVERT
2023-08-06 08:04:54.101487 - Found CONV3270.txt (text/plain) in CBT.V505.FILE860.PDS, moved to PDS/CONV3270
2023-08-06 08:04:54.102585 - Found COPYCAT.txt (text/plain) in CBT.V505.FILE860.PDS, moved to PDS/COPYCAT
2023-08-06 08:04:54.103774 - Found COPYFDR.txt (text/plain) in CBT.V505.FILE860.PDS, moved to PDS/COPYFDR
2023-08-06 08:04:54.104798 - Found COPYFILE.txt (text/plain) in CBT.V505.FILE860.PDS, moved to PDS/COPYFILE
2023-08-06 08:04:54.105770 - Found COPYJES.txt (text/plain) in CBT.V505.FILE860.PDS, moved to PDS/COPYJES
2023-08-06 08:04:54.106838 - Found COPYMODS.txt (text/plain) in CBT.V505.FILE860.PDS, moved to PDS/COPYMODS
2023-08-06 08:04:54.107885 - Found COPYPACK.txt (text/plain) in CBT.V505.FILE860.PDS, moved to PDS/COPYPACK
2023-08-06 08:04:54.108898 - Found COPYPDS.txt (text/plain) in CBT.V505.FILE860.PDS, moved to PDS/COPYPDS
2023-08-06 08:04:54.109946 - Found COPYSDS.txt (text/plain) in CBT.V505.FILE860.PDS, moved to PDS/COPYSDS
2023-08-06 08:04:54.110970 - Found COPYTAPE.txt (text/plain) in CBT.V505.FILE860.PDS, moved to PDS/COPYTAPE
2023-08-06 08:04:54.112228 - Found COPYVOL.txt (text/plain) in CBT.V505.FILE860.PDS, moved to PDS/COPYVOL
2023-08-06 08:04:54.113167 - Found COPY2DTE.txt (text/plain) in CBT.V505.FILE860.PDS, moved to PDS/COPY2DTE
2023-08-06 08:04:54.114126 - Found COUNTREC.txt (text/plain) in CBT.V505.FILE860.PDS, moved to PDS/COUNTREC
2023-08-06 08:04:54.115089 - Found CRTNASTY.txt (text/plain) in CBT.V505.FILE860.PDS, moved to PDS/CRTNASTY
2023-08-06 08:04:54.116052 - Found CVOLEDIT.txt (text/plain) in CBT.V505.FILE860.PDS, moved to PDS/CVOLEDIT
2023-08-06 08:04:54.117249 - Found CVOLICE.txt (text/plain) in CBT.V505.FILE860.PDS, moved to PDS/CVOLICE
2023-08-06 08:04:54.118252 - Found CVOLPRO.txt (text/plain) in CBT.V505.FILE860.PDS, moved to PDS/CVOLPRO
2023-08-06 08:04:54.119224 - Found CVOLWDSP.txt (text/plain) in CBT.V505.FILE860.PDS, moved to PDS/CVOLWDSP
2023-08-06 08:04:54.120173 - Found DATEEDIT.txt (text/plain) in CBT.V505.FILE860.PDS, moved to PDS/DATEEDIT
2023-08-06 08:04:54.121191 - Found DCPU.txt (text/plain) in CBT.V505.FILE860.PDS, moved to PDS/DCPU
2023-08-06 08:04:54.122158 - Found DEBTROLD.txt (text/plain) in CBT.V505.FILE860.PDS, moved to PDS/DEBTROLD
2023-08-06 08:04:54.123162 - Found DEFORMAT.txt (text/plain) in CBT.V505.FILE860.PDS, moved to PDS/DEFORMAT
2023-08-06 08:04:54.124147 - Found DELETER.txt (text/plain) in CBT.V505.FILE860.PDS, moved to PDS/DELETER
2023-08-06 08:04:54.125212 - Found DELINKER.txt (text/plain) in CBT.V505.FILE860.PDS, moved to PDS/DELINKER
2023-08-06 08:04:54.126215 - Found DELINK0.txt (text/plain) in CBT.V505.FILE860.PDS, moved to PDS/DELINK0
2023-08-06 08:04:54.127092 - Found DES.txt (text/plain) in CBT.V505.FILE860.PDS, moved to PDS/DES
2023-08-06 08:04:54.128061 - Found DEVTABLE.txt (text/plain) in CBT.V505.FILE860.PDS, moved to PDS/DEVTABLE
2023-08-06 08:04:54.129047 - Found DIPLINIT.txt (text/plain) in CBT.V505.FILE860.PDS, moved to PDS/DIPLINIT
2023-08-06 08:04:54.129061 - Found DIPLMAPS.bin containing application/octet-stream, moved to PDS/DIPLMAPS
2023-08-06 08:04:54.131084 - Found DIPLOMAT.txt (text/plain) in CBT.V505.FILE860.PDS, moved to PDS/DIPLOMAT
2023-08-06 08:04:54.132039 - Found DIPLPRNT.txt (text/plain) in CBT.V505.FILE860.PDS, moved to PDS/DIPLPRNT
2023-08-06 08:04:54.132891 - Found DIPLPROV.txt (text/plain) in CBT.V505.FILE860.PDS, moved to PDS/DIPLPROV
2023-08-06 08:04:54.133870 - Found DISASTER.jcl (text/plain) in CBT.V505.FILE860.PDS, moved to PDS/DISASTER
2023-08-06 08:04:54.134871 - Found DIST.txt (text/plain) in CBT.V505.FILE860.PDS, moved to PDS/DIST
2023-08-06 08:04:54.135886 - Found DISTBLDL.txt (text/plain) in CBT.V505.FILE860.PDS, moved to PDS/DISTBLDL
2023-08-06 08:04:54.136834 - Found DISTEST.txt (text/plain) in CBT.V505.FILE860.PDS, moved to PDS/DISTEST
2023-08-06 08:04:54.137729 - Found DISTFIND.txt (text/plain) in CBT.V505.FILE860.PDS, moved to PDS/DISTFIND
2023-08-06 08:04:54.138694 - Found DIVER.txt (text/plain) in CBT.V505.FILE860.PDS, moved to PDS/DIVER
2023-08-06 08:04:54.139566 - Found DOSCARD.txt (text/plain) in CBT.V505.FILE860.PDS, moved to PDS/DOSCARD
2023-08-06 08:04:54.140486 - Found DOSUPDTE.txt (text/plain) in CBT.V505.FILE860.PDS, moved to PDS/DOSUPDTE
2023-08-06 08:04:54.141445 - Found DOW.txt (text/plain) in CBT.V505.FILE860.PDS, moved to PDS/DOW
2023-08-06 08:04:54.142376 - Found DOWNDATE.txt (text/plain) in CBT.V505.FILE860.PDS, moved to PDS/DOWNDATE
2023-08-06 08:04:54.143320 - Found DOWNSTAT.txt (text/plain) in CBT.V505.FILE860.PDS, moved to PDS/DOWNSTAT
2023-08-06 08:04:54.144337 - Found DRIPCLIP.txt (text/plain) in CBT.V505.FILE860.PDS, moved to PDS/DRIPCLIP
2023-08-06 08:04:54.145364 - Found DRIPFREN.txt (text/plain) in CBT.V505.FILE860.PDS, moved to PDS/DRIPFREN
2023-08-06 08:04:54.146375 - Found DRIPLOAD.txt (text/plain) in CBT.V505.FILE860.PDS, moved to PDS/DRIPLOAD
2023-08-06 08:04:54.146386 - Found DRIPL00C.bin containing application/octet-stream, moved to PDS/DRIPL00C
2023-08-06 08:04:54.148397 - Found DRIPTIC.txt (text/plain) in CBT.V505.FILE860.PDS, moved to PDS/DRIPTIC
2023-08-06 08:04:54.149456 - Found DSAT.txt (text/plain) in CBT.V505.FILE860.PDS, moved to PDS/DSAT
2023-08-06 08:04:54.150566 - Found DSAT9.txt (text/plain) in CBT.V505.FILE860.PDS, moved to PDS/DSAT9
2023-08-06 08:04:54.151509 - Found DSCREST.txt (text/plain) in CBT.V505.FILE860.PDS, moved to PDS/DSCREST
2023-08-06 08:04:54.152483 - Found DSPACE.txt (text/plain) in CBT.V505.FILE860.PDS, moved to PDS/DSPACE
2023-08-06 08:04:54.153521 - Found DSSDUMP.txt (text/plain) in CBT.V505.FILE860.PDS, moved to PDS/DSSDUMP
2023-08-06 08:04:54.154568 - Found DSSREST.txt (text/plain) in CBT.V505.FILE860.PDS, moved to PDS/DSSREST
2023-08-06 08:04:54.155429 - Found DT.txt (text/plain) in CBT.V505.FILE860.PDS, moved to PDS/DT
2023-08-06 08:04:54.156359 - Found DUMPER.txt (text/plain) in CBT.V505.FILE860.PDS, moved to PDS/DUMPER
2023-08-06 08:04:54.157344 - Found DUSER.txt (text/plain) in CBT.V505.FILE860.PDS, moved to PDS/DUSER
2023-08-06 08:04:54.158373 - Found DVOL.txt (text/plain) in CBT.V505.FILE860.PDS, moved to PDS/DVOL
2023-08-06 08:04:54.159265 - Found DYNAAPF.txt (text/plain) in CBT.V505.FILE860.PDS, moved to PDS/DYNAAPF
2023-08-06 08:04:54.160345 - Found DYNABLDL.txt (text/plain) in CBT.V505.FILE860.PDS, moved to PDS/DYNABLDL
2023-08-06 08:04:54.161331 - Found DYNAREST.txt (text/plain) in CBT.V505.FILE860.PDS, moved to PDS/DYNAREST
2023-08-06 08:04:54.162292 - Found EDTPRINT.txt (text/plain) in CBT.V505.FILE860.PDS, moved to PDS/EDTPRINT
2023-08-06 08:04:54.163263 - Found ENDVRPAK.txt (text/plain) in CBT.V505.FILE860.PDS, moved to PDS/ENDVRPAK
2023-08-06 08:04:54.164229 - Found ENDVSTAT.txt (text/plain) in CBT.V505.FILE860.PDS, moved to PDS/ENDVSTAT
2023-08-06 08:04:54.165188 - Found ESPINIT.txt (text/plain) in CBT.V505.FILE860.PDS, moved to PDS/ESPINIT
2023-08-06 08:04:54.166170 - Found EXPDIR.txt (text/plain) in CBT.V505.FILE860.PDS, moved to PDS/EXPDIR
2023-08-06 08:04:54.167181 - Found EXSTATIC.txt (text/plain) in CBT.V505.FILE860.PDS, moved to PDS/EXSTATIC
2023-08-06 08:04:54.168179 - Found EXTRACTS.txt (text/plain) in CBT.V505.FILE860.PDS, moved to PDS/EXTRACTS
2023-08-06 08:04:54.169214 - Found FASTDSS.txt (text/plain) in CBT.V505.FILE860.PDS, moved to PDS/FASTDSS
2023-08-06 08:04:54.170137 - Found FCBLIST.txt (text/plain) in CBT.V505.FILE860.PDS, moved to PDS/FCBLIST
2023-08-06 08:04:54.171093 - Found FINDPROC.txt (text/plain) in CBT.V505.FILE860.PDS, moved to PDS/FINDPROC
2023-08-06 08:04:54.172098 - Found FINDPROG.txt (text/plain) in CBT.V505.FILE860.PDS, moved to PDS/FINDPROG
2023-08-06 08:04:54.172950 - Found FINIT.txt (text/plain) in CBT.V505.FILE860.PDS, moved to PDS/FINIT
2023-08-06 08:04:54.173865 - Found FLIP.txt (text/plain) in CBT.V505.FILE860.PDS, moved to PDS/FLIP
2023-08-06 08:04:54.174944 - Found FLOWER.txt (text/plain) in CBT.V505.FILE860.PDS, moved to PDS/FLOWER
2023-08-06 08:04:54.175934 - Found FREEALL.txt (text/plain) in CBT.V505.FILE860.PDS, moved to PDS/FREEALL
2023-08-06 08:04:54.177013 - Found FSORT.txt (text/plain) in CBT.V505.FILE860.PDS, moved to PDS/FSORT
2023-08-06 08:04:54.177999 - Found FTIO.txt (text/plain) in CBT.V505.FILE860.PDS, moved to PDS/FTIO
2023-08-06 08:04:54.178992 - Found GOPARM.txt (text/plain) in CBT.V505.FILE860.PDS, moved to PDS/GOPARM
2023-08-06 08:04:54.180014 - Found GPDELETE.txt (text/plain) in CBT.V505.FILE860.PDS, moved to PDS/GPDELETE
2023-08-06 08:04:54.181003 - Found GPIDCAMS.txt (text/plain) in CBT.V505.FILE860.PDS, moved to PDS/GPIDCAMS
2023-08-06 08:04:54.181942 - Found GPSMEDIT.txt (text/plain) in CBT.V505.FILE860.PDS, moved to PDS/GPSMEDIT
2023-08-06 08:04:54.182881 - Found GTTERM.txt (text/plain) in CBT.V505.FILE860.PDS, moved to PDS/GTTERM
2023-08-06 08:04:54.183838 - Found HALFDUMP.txt (text/plain) in CBT.V505.FILE860.PDS, moved to PDS/HALFDUMP
2023-08-06 08:04:54.184819 - Found HASPMON.txt (text/plain) in CBT.V505.FILE860.PDS, moved to PDS/HASPMON
2023-08-06 08:04:54.185950 - Found HASPXJ01.txt (text/plain) in CBT.V505.FILE860.PDS, moved to PDS/HASPXJ01
2023-08-06 08:04:54.186906 - Found HASPXJ08.txt (text/plain) in CBT.V505.FILE860.PDS, moved to PDS/HASPXJ08
2023-08-06 08:04:54.187857 - Found HASPXJ16.txt (text/plain) in CBT.V505.FILE860.PDS, moved to PDS/HASPXJ16
2023-08-06 08:04:54.188901 - Found HEL.txt (text/plain) in CBT.V505.FILE860.PDS, moved to PDS/HEL
2023-08-06 08:04:54.189811 - Found HELPLIST.txt (text/plain) in CBT.V505.FILE860.PDS, moved to PDS/HELPLIST
2023-08-06 08:04:54.190716 - Found HEX.txt (text/plain) in CBT.V505.FILE860.PDS, moved to PDS/HEX
2023-08-06 08:04:54.191610 - Found HMTSTATS.txt (text/plain) in CBT.V505.FILE860.PDS, moved to PDS/HMTSTATS
2023-08-06 08:04:54.192503 - Found HOB.txt (text/plain) in CBT.V505.FILE860.PDS, moved to PDS/HOB
2023-08-06 08:04:54.193509 - Found HSPMERGE.txt (text/plain) in CBT.V505.FILE860.PDS, moved to PDS/HSPMERGE
2023-08-06 08:04:54.194500 - Found HUFCMP.txt (text/plain) in CBT.V505.FILE860.PDS, moved to PDS/HUFCMP
2023-08-06 08:04:54.195486 - Found HUFEXP.txt (text/plain) in CBT.V505.FILE860.PDS, moved to PDS/HUFEXP
2023-08-06 08:04:54.195496 - Found ICHRTX00.bin containing application/octet-stream, moved to PDS/ICHRTX00
2023-08-06 08:04:54.197279 - Found ICPU.txt (text/plain) in CBT.V505.FILE860.PDS, moved to PDS/ICPU
2023-08-06 08:04:54.198261 - Found IEBGONER.txt (text/plain) in CBT.V505.FILE860.PDS, moved to PDS/IEBGONER
2023-08-06 08:04:54.199230 - Found IEBPDS.txt (text/plain) in CBT.V505.FILE860.PDS, moved to PDS/IEBPDS
2023-08-06 08:04:54.200130 - Found IEBVTOC.txt (text/plain) in CBT.V505.FILE860.PDS, moved to PDS/IEBVTOC
2023-08-06 08:04:54.201000 - Found IEDQTTY.txt (text/plain) in CBT.V505.FILE860.PDS, moved to PDS/IEDQTTY
2023-08-06 08:04:54.201947 - Found IEDQ21L.txt (text/plain) in CBT.V505.FILE860.PDS, moved to PDS/IEDQ21L
2023-08-06 08:04:54.202918 - Found IEFBR15.txt (text/plain) in CBT.V505.FILE860.PDS, moved to PDS/IEFBR15
2023-08-06 08:04:54.203857 - Found IEFDB401.txt (text/plain) in CBT.V505.FILE860.PDS, moved to PDS/IEFDB401
2023-08-06 08:04:54.204778 - Found IEFSDPPT.txt (text/plain) in CBT.V505.FILE860.PDS, moved to PDS/IEFSDPPT
2023-08-06 08:04:54.205769 - Found IEFSD095.txt (text/plain) in CBT.V505.FILE860.PDS, moved to PDS/IEFSD095
2023-08-06 08:04:54.206801 - Found IEFUJV.txt (text/plain) in CBT.V505.FILE860.PDS, moved to PDS/IEFUJV
2023-08-06 08:04:54.207743 - Found IEFU29.txt (text/plain) in CBT.V505.FILE860.PDS, moved to PDS/IEFU29
2023-08-06 08:04:54.208717 - Found IEHVFMT1.txt (text/plain) in CBT.V505.FILE860.PDS, moved to PDS/IEHVFMT1
2023-08-06 08:04:54.209595 - Found IEHVFMT2.txt (text/plain) in CBT.V505.FILE860.PDS, moved to PDS/IEHVFMT2
2023-08-06 08:04:54.210552 - Found IEHVFMT3.txt (text/plain) in CBT.V505.FILE860.PDS, moved to PDS/IEHVFMT3
2023-08-06 08:04:54.211521 - Found IEHVFMT4.txt (text/plain) in CBT.V505.FILE860.PDS, moved to PDS/IEHVFMT4
2023-08-06 08:04:54.212415 - Found IEHVFMT5.txt (text/plain) in CBT.V505.FILE860.PDS, moved to PDS/IEHVFMT5
2023-08-06 08:04:54.213260 - Found IEHVFMT6.txt (text/plain) in CBT.V505.FILE860.PDS, moved to PDS/IEHVFMT6
2023-08-06 08:04:54.214227 - Found IEHVINDX.txt (text/plain) in CBT.V505.FILE860.PDS, moved to PDS/IEHVINDX
2023-08-06 08:04:54.215118 - Found IEHVMAIN.txt (text/plain) in CBT.V505.FILE860.PDS, moved to PDS/IEHVMAIN
2023-08-06 08:04:54.215912 - Found IFCATLG.txt (text/plain) in CBT.V505.FILE860.PDS, moved to PDS/IFCATLG
2023-08-06 08:04:54.216708 - Found IFG0193G.txt (text/plain) in CBT.V505.FILE860.PDS, moved to PDS/IFG0193G
2023-08-06 08:04:54.217630 - Found IGCMILTN.txt (text/plain) in CBT.V505.FILE860.PDS, moved to PDS/IGCMILTN
2023-08-06 08:04:54.218600 - Found IGC0024A.txt (text/plain) in CBT.V505.FILE860.PDS, moved to PDS/IGC0024A
2023-08-06 08:04:54.219501 - Found IGC0024G.txt (text/plain) in CBT.V505.FILE860.PDS, moved to PDS/IGC0024G
2023-08-06 08:04:54.220448 - Found IGC00240.txt (text/plain) in CBT.V505.FILE860.PDS, moved to PDS/IGC00240
2023-08-06 08:04:54.221386 - Found IGC0025C.txt (text/plain) in CBT.V505.FILE860.PDS, moved to PDS/IGC0025C
2023-08-06 08:04:54.222377 - Found IGC0905A.txt (text/plain) in CBT.V505.FILE860.PDS, moved to PDS/IGC0905A
2023-08-06 08:04:54.223354 - Found IGC237.txt (text/plain) in CBT.V505.FILE860.PDS, moved to PDS/IGC237
2023-08-06 08:04:54.224316 - Found IGC251.txt (text/plain) in CBT.V505.FILE860.PDS, moved to PDS/IGC251
2023-08-06 08:04:54.225328 - Found IGGPRE00.txt (text/plain) in CBT.V505.FILE860.PDS, moved to PDS/IGGPRE00
2023-08-06 08:04:54.226350 - Found IGG0CLCT.txt (text/plain) in CBT.V505.FILE860.PDS, moved to PDS/IGG0CLCT
2023-08-06 08:04:54.227287 - Found IKJEFF10.txt (text/plain) in CBT.V505.FILE860.PDS, moved to PDS/IKJEFF10
2023-08-06 08:04:54.228210 - Found IKJEFF53.txt (text/plain) in CBT.V505.FILE860.PDS, moved to PDS/IKJEFF53
2023-08-06 08:04:54.229140 - Found IKJEFLD.txt (text/plain) in CBT.V505.FILE860.PDS, moved to PDS/IKJEFLD
2023-08-06 08:04:54.230059 - Found IKJPRMX1.txt (text/plain) in CBT.V505.FILE860.PDS, moved to PDS/IKJPRMX1
2023-08-06 08:04:54.230992 - Found IKTWTX1.txt (text/plain) in CBT.V505.FILE860.PDS, moved to PDS/IKTWTX1
2023-08-06 08:04:54.231886 - Found ILRBIRD.txt (text/plain) in CBT.V505.FILE860.PDS, moved to PDS/ILRBIRD
2023-08-06 08:04:54.232865 - Found INCORZAP.txt (text/plain) in CBT.V505.FILE860.PDS, moved to PDS/INCORZAP
2023-08-06 08:04:54.233818 - Found INDEXER.txt (text/plain) in CBT.V505.FILE860.PDS, moved to PDS/INDEXER
2023-08-06 08:04:54.234778 - Found INMXPARM.txt (text/plain) in CBT.V505.FILE860.PDS, moved to PDS/INMXPARM
2023-08-06 08:04:54.235764 - Found IPLROUTE.txt (text/plain) in CBT.V505.FILE860.PDS, moved to PDS/IPLROUTE
2023-08-06 08:04:54.236732 - Found ISFPARMS.txt (text/plain) in CBT.V505.FILE860.PDS, moved to PDS/ISFPARMS
2023-08-06 08:04:54.237638 - Found ISTAUCAG.txt (text/plain) in CBT.V505.FILE860.PDS, moved to PDS/ISTAUCAG
2023-08-06 08:04:54.238677 - Found ITERATE.txt (text/plain) in CBT.V505.FILE860.PDS, moved to PDS/ITERATE
2023-08-06 08:04:54.239639 - Found JCLSCAN.txt (text/plain) in CBT.V505.FILE860.PDS, moved to PDS/JCLSCAN
2023-08-06 08:04:54.240585 - Found JCLSC23F.txt (text/plain) in CBT.V505.FILE860.PDS, moved to PDS/JCLSC23F
2023-08-06 08:04:54.241510 - Found JES2INIT.txt (text/plain) in CBT.V505.FILE860.PDS, moved to PDS/JES2INIT
2023-08-06 08:04:54.242418 - Found JOBRELSE.txt (text/plain) in CBT.V505.FILE860.PDS, moved to PDS/JOBRELSE
2023-08-06 08:04:54.243413 - Found JOBWTR.txt (text/plain) in CBT.V505.FILE860.PDS, moved to PDS/JOBWTR
2023-08-06 08:04:54.244353 - Found JOBWTR1.txt (text/plain) in CBT.V505.FILE860.PDS, moved to PDS/JOBWTR1
2023-08-06 08:04:54.245240 - Found JUSTIFY.txt (text/plain) in CBT.V505.FILE860.PDS, moved to PDS/JUSTIFY
2023-08-06 08:04:54.246576 - Found KERMIT.txt (text/plain) in CBT.V505.FILE860.PDS, moved to PDS/KERMIT
2023-08-06 08:04:54.247579 - Found KSDSPACE.txt (text/plain) in CBT.V505.FILE860.PDS, moved to PDS/KSDSPACE
2023-08-06 08:04:54.248525 - Found LABEL.txt (text/plain) in CBT.V505.FILE860.PDS, moved to PDS/LABEL
2023-08-06 08:04:54.249616 - Found LEXLOGON.txt (text/plain) in CBT.V505.FILE860.PDS, moved to PDS/LEXLOGON
2023-08-06 08:04:54.250654 - Found LEXR3270.txt (text/plain) in CBT.V505.FILE860.PDS, moved to PDS/LEXR3270
2023-08-06 08:04:54.251576 - Found LEXSVC99.txt (text/plain) in CBT.V505.FILE860.PDS, moved to PDS/LEXSVC99
2023-08-06 08:04:54.252543 - Found LEXVOLT.txt (text/plain) in CBT.V505.FILE860.PDS, moved to PDS/LEXVOLT
2023-08-06 08:04:54.253603 - Found LIFE.txt (text/plain) in CBT.V505.FILE860.PDS, moved to PDS/LIFE
2023-08-06 08:04:54.254583 - Found LISTCDS.txt (text/plain) in CBT.V505.FILE860.PDS, moved to PDS/LISTCDS
2023-08-06 08:04:54.255512 - Found LISTCDS#.txt (text/plain) in CBT.V505.FILE860.PDS, moved to PDS/LISTCDS#
2023-08-06 08:04:54.256414 - Found LISTER.txt (text/plain) in CBT.V505.FILE860.PDS, moved to PDS/LISTER
2023-08-06 08:04:54.257424 - Found LISTPDS.txt (text/plain) in CBT.V505.FILE860.PDS, moved to PDS/LISTPDS
2023-08-06 08:04:54.258469 - Found LISTPDS2.txt (text/plain) in CBT.V505.FILE860.PDS, moved to PDS/LISTPDS2
2023-08-06 08:04:54.259425 - Found LISTUADS.txt (text/plain) in CBT.V505.FILE860.PDS, moved to PDS/LISTUADS
2023-08-06 08:04:54.260343 - Found LISTVOL.txt (text/plain) in CBT.V505.FILE860.PDS, moved to PDS/LISTVOL
2023-08-06 08:04:54.261267 - Found LIST2SRC.txt (text/plain) in CBT.V505.FILE860.PDS, moved to PDS/LIST2SRC
2023-08-06 08:04:54.262235 - Found LOADCOMP.txt (text/plain) in CBT.V505.FILE860.PDS, moved to PDS/LOADCOMP
2023-08-06 08:04:54.263193 - Found LOADFIX.txt (text/plain) in CBT.V505.FILE860.PDS, moved to PDS/LOADFIX
2023-08-06 08:04:54.264196 - Found LOADMAPS.txt (text/plain) in CBT.V505.FILE860.PDS, moved to PDS/LOADMAPS
2023-08-06 08:04:54.265130 - Found LOADZAP.txt (text/plain) in CBT.V505.FILE860.PDS, moved to PDS/LOADZAP
2023-08-06 08:04:54.266036 - Found LOGDATE.txt (text/plain) in CBT.V505.FILE860.PDS, moved to PDS/LOGDATE
2023-08-06 08:04:54.267013 - Found LOOK.txt (text/plain) in CBT.V505.FILE860.PDS, moved to PDS/LOOK
2023-08-06 08:04:54.267879 - Found LOOKDD.txt (text/plain) in CBT.V505.FILE860.PDS, moved to PDS/LOOKDD
2023-08-06 08:04:54.268770 - Found LOOKSYMS.txt (text/plain) in CBT.V505.FILE860.PDS, moved to PDS/LOOKSYMS
2023-08-06 08:04:54.269746 - Found LPACOMP.txt (text/plain) in CBT.V505.FILE860.PDS, moved to PDS/LPACOMP
2023-08-06 08:04:54.270766 - Found LPAMAP.txt (text/plain) in CBT.V505.FILE860.PDS, moved to PDS/LPAMAP
2023-08-06 08:04:54.271763 - Found LPAPRINT.txt (text/plain) in CBT.V505.FILE860.PDS, moved to PDS/LPAPRINT
2023-08-06 08:04:54.272675 - Found MACRFNST.txt (text/plain) in CBT.V505.FILE860.PDS, moved to PDS/MACRFNST
2023-08-06 08:04:54.273702 - Found MACROREF.txt (text/plain) in CBT.V505.FILE860.PDS, moved to PDS/MACROREF
2023-08-06 08:04:54.274632 - Found MACROUSE.txt (text/plain) in CBT.V505.FILE860.PDS, moved to PDS/MACROUSE
2023-08-06 08:04:54.275544 - Found MADS.txt (text/plain) in CBT.V505.FILE860.PDS, moved to PDS/MADS
2023-08-06 08:04:54.276522 - Found MAPDISK.txt (text/plain) in CBT.V505.FILE860.PDS, moved to PDS/MAPDISK
2023-08-06 08:04:54.277363 - Found MCC2ASA.txt (text/plain) in CBT.V505.FILE860.PDS, moved to PDS/MCC2ASA
2023-08-06 08:04:54.278298 - Found MCPINIT.txt (text/plain) in CBT.V505.FILE860.PDS, moved to PDS/MCPINIT
2023-08-06 08:04:54.279237 - Found MESSGUSE.txt (text/plain) in CBT.V505.FILE860.PDS, moved to PDS/MESSGUSE
2023-08-06 08:04:54.280098 - Found METZCOPY.txt (text/plain) in CBT.V505.FILE860.PDS, moved to PDS/METZCOPY
2023-08-06 08:04:54.280897 - Found MICRO.txt (text/plain) in CBT.V505.FILE860.PDS, moved to PDS/MICRO
2023-08-06 08:04:54.281899 - Found MICROSUB.txt (text/plain) in CBT.V505.FILE860.PDS, moved to PDS/MICROSUB
2023-08-06 08:04:54.282835 - Found MIGRATE.txt (text/plain) in CBT.V505.FILE860.PDS, moved to PDS/MIGRATE
2023-08-06 08:04:54.283901 - Found MIMSTOW.txt (text/plain) in CBT.V505.FILE860.PDS, moved to PDS/MIMSTOW
2023-08-06 08:04:54.284770 - Found MIPS370.txt (text/plain) in CBT.V505.FILE860.PDS, moved to PDS/MIPS370
2023-08-06 08:04:54.285629 - Found MODJFCB.txt (text/plain) in CBT.V505.FILE860.PDS, moved to PDS/MODJFCB
2023-08-06 08:04:54.286679 - Found MODREP.txt (text/plain) in CBT.V505.FILE860.PDS, moved to PDS/MODREP
2023-08-06 08:04:54.287563 - Found MPFEXIT.txt (text/plain) in CBT.V505.FILE860.PDS, moved to PDS/MPFEXIT
2023-08-06 08:04:54.288441 - Found MPFNOTFY.txt (text/plain) in CBT.V505.FILE860.PDS, moved to PDS/MPFNOTFY
2023-08-06 08:04:54.289437 - Found MSGREFLS.txt (text/plain) in CBT.V505.FILE860.PDS, moved to PDS/MSGREFLS
2023-08-06 08:04:54.290450 - Found MSGREFOS.txt (text/plain) in CBT.V505.FILE860.PDS, moved to PDS/MSGREFOS
2023-08-06 08:04:54.291371 - Found MVSCMD.txt (text/plain) in CBT.V505.FILE860.PDS, moved to PDS/MVSCMD
2023-08-06 08:04:54.292327 - Found MVTDEBE.txt (text/plain) in CBT.V505.FILE860.PDS, moved to PDS/MVTDEBE
2023-08-06 08:04:54.293298 - Found MVTDIST.txt (text/plain) in CBT.V505.FILE860.PDS, moved to PDS/MVTDIST
2023-08-06 08:04:54.294224 - Found MVTDISTB.jcl (text/plain) in CBT.V505.FILE860.PDS, moved to PDS/MVTDISTB
2023-08-06 08:04:54.295151 - Found MVTDISTF.txt (text/plain) in CBT.V505.FILE860.PDS, moved to PDS/MVTDISTF
2023-08-06 08:04:54.296098 - Found MVTSMFDP.txt (text/plain) in CBT.V505.FILE860.PDS, moved to PDS/MVTSMFDP
2023-08-06 08:04:54.296109 - Found NETCOMM.bin containing application/octet-stream, moved to PDS/NETCOMM
2023-08-06 08:04:54.297269 - Found NETKERM.bin containing application/octet-stream, moved to PDS/NETKERM
2023-08-06 08:04:54.299348 - Found NODSI.txt (text/plain) in CBT.V505.FILE860.PDS, moved to PDS/NODSI
2023-08-06 08:04:54.300297 - Found NOSTAE.txt (text/plain) in CBT.V505.FILE860.PDS, moved to PDS/NOSTAE
2023-08-06 08:04:54.301246 - Found NOTCAT.txt (text/plain) in CBT.V505.FILE860.PDS, moved to PDS/NOTCAT
2023-08-06 08:04:54.302192 - Found NOTIME.txt (text/plain) in CBT.V505.FILE860.PDS, moved to PDS/NOTIME
2023-08-06 08:04:54.303170 - Found OFFLOAD.txt (text/plain) in CBT.V505.FILE860.PDS, moved to PDS/OFFLOAD
2023-08-06 08:04:54.304121 - Found OFFLOA01.txt (text/plain) in CBT.V505.FILE860.PDS, moved to PDS/OFFLOA01
2023-08-06 08:04:54.305075 - Found OSMGCR.txt (text/plain) in CBT.V505.FILE860.PDS, moved to PDS/OSMGCR
2023-08-06 08:04:54.306076 - Found OSRIPPLE.txt (text/plain) in CBT.V505.FILE860.PDS, moved to PDS/OSRIPPLE
2023-08-06 08:04:54.307068 - Found OVLYTREE.txt (text/plain) in CBT.V505.FILE860.PDS, moved to PDS/OVLYTREE
2023-08-06 08:04:54.307975 - Found PARMTZ.txt (text/plain) in CBT.V505.FILE860.PDS, moved to PDS/PARMTZ
2023-08-06 08:04:54.308847 - Found PARM2DD.txt (text/plain) in CBT.V505.FILE860.PDS, moved to PDS/PARM2DD
2023-08-06 08:04:54.309829 - Found PDSEXPND.txt (text/plain) in CBT.V505.FILE860.PDS, moved to PDS/PDSEXPND
2023-08-06 08:04:54.310725 - Found PDSFRESH.txt (text/plain) in CBT.V505.FILE860.PDS, moved to PDS/PDSFRESH
2023-08-06 08:04:54.311629 - Found PDSGAS.txt (text/plain) in CBT.V505.FILE860.PDS, moved to PDS/PDSGAS
2023-08-06 08:04:54.312575 - Found PDSLOAD.txt (text/plain) in CBT.V505.FILE860.PDS, moved to PDS/PDSLOAD
2023-08-06 08:04:54.313461 - Found PDSTEST.txt (text/plain) in CBT.V505.FILE860.PDS, moved to PDS/PDSTEST
2023-08-06 08:04:54.314487 - Found PDSUPDTE.txt (text/plain) in CBT.V505.FILE860.PDS, moved to PDS/PDSUPDTE
2023-08-06 08:04:54.315709 - Found PGMTRACE.txt (text/plain) in CBT.V505.FILE860.PDS, moved to PDS/PGMTRACE
2023-08-06 08:04:54.316656 - Found PGMTRADA.txt (text/plain) in CBT.V505.FILE860.PDS, moved to PDS/PGMTRADA
2023-08-06 08:04:54.317526 - Found PGMTRAP4.txt (text/plain) in CBT.V505.FILE860.PDS, moved to PDS/PGMTRAP4
2023-08-06 08:04:54.318648 - Found PGMTRESA.txt (text/plain) in CBT.V505.FILE860.PDS, moved to PDS/PGMTRESA
2023-08-06 08:04:54.319652 - Found POD.txt (text/plain) in CBT.V505.FILE860.PDS, moved to PDS/POD
2023-08-06 08:04:54.320558 - Found PODHELP.txt (text/plain) in CBT.V505.FILE860.PDS, moved to PDS/PODHELP
2023-08-06 08:04:54.321475 - Found PRINTALL.txt (text/plain) in CBT.V505.FILE860.PDS, moved to PDS/PRINTALL
2023-08-06 08:04:54.322386 - Found PRINTER.txt (text/plain) in CBT.V505.FILE860.PDS, moved to PDS/PRINTER
2023-08-06 08:04:54.323380 - Found PRINTOFF.txt (text/plain) in CBT.V505.FILE860.PDS, moved to PDS/PRINTOFF
2023-08-06 08:04:54.324277 - Found PRINTON.txt (text/plain) in CBT.V505.FILE860.PDS, moved to PDS/PRINTON
2023-08-06 08:04:54.325118 - Found PRINT256.txt (text/plain) in CBT.V505.FILE860.PDS, moved to PDS/PRINT256
2023-08-06 08:04:54.325977 - Found PROCUP.txt (text/plain) in CBT.V505.FILE860.PDS, moved to PDS/PROCUP
2023-08-06 08:04:54.326829 - Found PROCXREF.txt (text/plain) in CBT.V505.FILE860.PDS, moved to PDS/PROCXREF
2023-08-06 08:04:54.327630 - Found PRTLSTAK.txt (text/plain) in CBT.V505.FILE860.PDS, moved to PDS/PRTLSTAK
2023-08-06 08:04:54.328452 - Found PSWDMOD.txt (text/plain) in CBT.V505.FILE860.PDS, moved to PDS/PSWDMOD
2023-08-06 08:04:54.329354 - Found PUNK.txt (text/plain) in CBT.V505.FILE860.PDS, moved to PDS/PUNK
2023-08-06 08:04:54.330293 - Found RANDOMP.txt (text/plain) in CBT.V505.FILE860.PDS, moved to PDS/RANDOMP
2023-08-06 08:04:54.331238 - Found RANDOMS.txt (text/plain) in CBT.V505.FILE860.PDS, moved to PDS/RANDOMS
2023-08-06 08:04:54.332108 - Found RDW2VB.txt (text/plain) in CBT.V505.FILE860.PDS, moved to PDS/RDW2VB
2023-08-06 08:04:54.333095 - Found RECV380.txt (text/plain) in CBT.V505.FILE860.PDS, moved to PDS/RECV380
2023-08-06 08:04:54.334090 - Found RELEASE.txt (text/plain) in CBT.V505.FILE860.PDS, moved to PDS/RELEASE
2023-08-06 08:04:54.335148 - Found RELINKER.txt (text/plain) in CBT.V505.FILE860.PDS, moved to PDS/RELINKER
2023-08-06 08:04:54.336138 - Found REMKERM.txt (text/plain) in CBT.V505.FILE860.PDS, moved to PDS/REMKERM
2023-08-06 08:04:54.337121 - Found REPLYTO.txt (text/plain) in CBT.V505.FILE860.PDS, moved to PDS/REPLYTO
2023-08-06 08:04:54.338102 - Found REREAD.txt (text/plain) in CBT.V505.FILE860.PDS, moved to PDS/REREAD
2023-08-06 08:04:54.339052 - Found REXSTRIP.txt (text/plain) in CBT.V505.FILE860.PDS, moved to PDS/REXSTRIP
2023-08-06 08:04:54.339992 - Found REXXPREP.rexx (text/plain) in CBT.V505.FILE860.PDS, moved to PDS/REXXPREP
2023-08-06 08:04:54.340002 - Found RMT360.bin containing application/octet-stream, moved to PDS/RMT360
2023-08-06 08:04:54.341138 - Found RMT370.bin containing application/octet-stream, moved to PDS/RMT370
2023-08-06 08:04:54.343257 - Found ROTATES.txt (text/plain) in CBT.V505.FILE860.PDS, moved to PDS/ROTATES
2023-08-06 08:04:54.344247 - Found ROUTEPGM.txt (text/plain) in CBT.V505.FILE860.PDS, moved to PDS/ROUTEPGM
2023-08-06 08:04:54.344256 - Found SAMSGREF.bin containing application/octet-stream, moved to PDS/SAMSGREF
2023-08-06 08:04:54.346196 - Found SAVETAPE.txt (text/plain) in CBT.V505.FILE860.PDS, moved to PDS/SAVETAPE
2023-08-06 08:04:54.347157 - Found SCHEDLST.txt (text/plain) in CBT.V505.FILE860.PDS, moved to PDS/SCHEDLST
2023-08-06 08:04:54.348173 - Found SCRATCHS.txt (text/plain) in CBT.V505.FILE860.PDS, moved to PDS/SCRATCHS
2023-08-06 08:04:54.349135 - Found SEEKMON.txt (text/plain) in CBT.V505.FILE860.PDS, moved to PDS/SEEKMON
2023-08-06 08:04:54.350130 - Found SERIAL.txt (text/plain) in CBT.V505.FILE860.PDS, moved to PDS/SERIAL
2023-08-06 08:04:54.351192 - Found SETCLOCK.txt (text/plain) in CBT.V505.FILE860.PDS, moved to PDS/SETCLOCK
2023-08-06 08:04:54.352123 - Found SETCODE.txt (text/plain) in CBT.V505.FILE860.PDS, moved to PDS/SETCODE
2023-08-06 08:04:54.353087 - Found SETDISP.txt (text/plain) in CBT.V505.FILE860.PDS, moved to PDS/SETDISP
2023-08-06 08:04:54.354035 - Found SETDSCB.txt (text/plain) in CBT.V505.FILE860.PDS, moved to PDS/SETDSCB
2023-08-06 08:04:54.355053 - Found SETHOUR.txt (text/plain) in CBT.V505.FILE860.PDS, moved to PDS/SETHOUR
2023-08-06 08:04:54.355973 - Found SETPASS.txt (text/plain) in CBT.V505.FILE860.PDS, moved to PDS/SETPASS
2023-08-06 08:04:54.356932 - Found SHOWDS.txt (text/plain) in CBT.V505.FILE860.PDS, moved to PDS/SHOWDS
2023-08-06 08:04:54.357832 - Found SHOWDSCB.txt (text/plain) in CBT.V505.FILE860.PDS, moved to PDS/SHOWDSCB
2023-08-06 08:04:54.358795 - Found SHOWTCT.txt (text/plain) in CBT.V505.FILE860.PDS, moved to PDS/SHOWTCT
2023-08-06 08:04:54.359747 - Found SIGNOFF.txt (text/plain) in CBT.V505.FILE860.PDS, moved to PDS/SIGNOFF
2023-08-06 08:04:54.360694 - Found SIMTERM.txt (text/plain) in CBT.V505.FILE860.PDS, moved to PDS/SIMTERM
2023-08-06 08:04:54.361686 - Found SIM3270.txt (text/plain) in CBT.V505.FILE860.PDS, moved to PDS/SIM3270
2023-08-06 08:04:54.362777 - Found SLANALYZ.txt (text/plain) in CBT.V505.FILE860.PDS, moved to PDS/SLANALYZ
2023-08-06 08:04:54.363867 - Found SLANTEST.txt (text/plain) in CBT.V505.FILE860.PDS, moved to PDS/SLANTEST
2023-08-06 08:04:54.364940 - Found SMART.txt (text/plain) in CBT.V505.FILE860.PDS, moved to PDS/SMART
2023-08-06 08:04:54.365830 - Found SMFDUMP.txt (text/plain) in CBT.V505.FILE860.PDS, moved to PDS/SMFDUMP
2023-08-06 08:04:54.366802 - Found SMFMERGE.txt (text/plain) in CBT.V505.FILE860.PDS, moved to PDS/SMFMERGE
2023-08-06 08:04:54.367715 - Found SMFSCAN.txt (text/plain) in CBT.V505.FILE860.PDS, moved to PDS/SMFSCAN
2023-08-06 08:04:54.368658 - Found SMFSELCT.txt (text/plain) in CBT.V505.FILE860.PDS, moved to PDS/SMFSELCT
2023-08-06 08:04:54.369605 - Found SMFSTATS.txt (text/plain) in CBT.V505.FILE860.PDS, moved to PDS/SMFSTATS
2023-08-06 08:04:54.370635 - Found SMFTERMS.txt (text/plain) in CBT.V505.FILE860.PDS, moved to PDS/SMFTERMS
2023-08-06 08:04:54.371567 - Found SMFUNITS.txt (text/plain) in CBT.V505.FILE860.PDS, moved to PDS/SMFUNITS
2023-08-06 08:04:54.372468 - Found SMFXTRCT.txt (text/plain) in CBT.V505.FILE860.PDS, moved to PDS/SMFXTRCT
2023-08-06 08:04:54.373455 - Found SNAKE.txt (text/plain) in CBT.V505.FILE860.PDS, moved to PDS/SNAKE
2023-08-06 08:04:54.374442 - Found SORTFIX.txt (text/plain) in CBT.V505.FILE860.PDS, moved to PDS/SORTFIX
2023-08-06 08:04:54.375369 - Found SPACEOUT.txt (text/plain) in CBT.V505.FILE860.PDS, moved to PDS/SPACEOUT
2023-08-06 08:04:54.376291 - Found SPFCOPY.txt (text/plain) in CBT.V505.FILE860.PDS, moved to PDS/SPFCOPY
2023-08-06 08:04:54.377321 - Found STEPLIB.txt (text/plain) in CBT.V505.FILE860.PDS, moved to PDS/STEPLIB
2023-08-06 08:04:54.378214 - Found STEPSEP.txt (text/plain) in CBT.V505.FILE860.PDS, moved to PDS/STEPSEP
2023-08-06 08:04:54.379132 - Found STOWUPDT.txt (text/plain) in CBT.V505.FILE860.PDS, moved to PDS/STOWUPDT
2023-08-06 08:04:54.380086 - Found SUBALLOC.txt (text/plain) in CBT.V505.FILE860.PDS, moved to PDS/SUBALLOC
2023-08-06 08:04:54.380989 - Found SUBAMS.txt (text/plain) in CBT.V505.FILE860.PDS, moved to PDS/SUBAMS
2023-08-06 08:04:54.381969 - Found SUBBLKOP.txt (text/plain) in CBT.V505.FILE860.PDS, moved to PDS/SUBBLKOP
2023-08-06 08:04:54.382892 - Found SUBBLKSI.txt (text/plain) in CBT.V505.FILE860.PDS, moved to PDS/SUBBLKSI
2023-08-06 08:04:54.383879 - Found SUBBLKSZ.txt (text/plain) in CBT.V505.FILE860.PDS, moved to PDS/SUBBLKSZ
2023-08-06 08:04:54.384848 - Found SUBCAT.txt (text/plain) in CBT.V505.FILE860.PDS, moved to PDS/SUBCAT
2023-08-06 08:04:54.385815 - Found SUBCDE.txt (text/plain) in CBT.V505.FILE860.PDS, moved to PDS/SUBCDE
2023-08-06 08:04:54.386812 - Found SUBCOMP.txt (text/plain) in CBT.V505.FILE860.PDS, moved to PDS/SUBCOMP
2023-08-06 08:04:54.387775 - Found SUBCOPY.txt (text/plain) in CBT.V505.FILE860.PDS, moved to PDS/SUBCOPY
2023-08-06 08:04:54.388725 - Found SUBCPOOL.txt (text/plain) in CBT.V505.FILE860.PDS, moved to PDS/SUBCPOOL
2023-08-06 08:04:54.389692 - Found SUBDATIM.txt (text/plain) in CBT.V505.FILE860.PDS, moved to PDS/SUBDATIM
2023-08-06 08:04:54.390673 - Found SUBDBLNK.txt (text/plain) in CBT.V505.FILE860.PDS, moved to PDS/SUBDBLNK
2023-08-06 08:04:54.391641 - Found SUBDEBTR.txt (text/plain) in CBT.V505.FILE860.PDS, moved to PDS/SUBDEBTR
2023-08-06 08:04:54.392574 - Found SUBDEFMT.txt (text/plain) in CBT.V505.FILE860.PDS, moved to PDS/SUBDEFMT
2023-08-06 08:04:54.393483 - Found SUBDMFIX.txt (text/plain) in CBT.V505.FILE860.PDS, moved to PDS/SUBDMFIX
2023-08-06 08:04:54.394366 - Found SUBDSAB.txt (text/plain) in CBT.V505.FILE860.PDS, moved to PDS/SUBDSAB
2023-08-06 08:04:54.395303 - Found SUBDSATR.txt (text/plain) in CBT.V505.FILE860.PDS, moved to PDS/SUBDSATR
2023-08-06 08:04:54.396239 - Found SUBDSCB1.txt (text/plain) in CBT.V505.FILE860.PDS, moved to PDS/SUBDSCB1
2023-08-06 08:04:54.397155 - Found SUBDSCB3.txt (text/plain) in CBT.V505.FILE860.PDS, moved to PDS/SUBDSCB3
2023-08-06 08:04:54.398140 - Found SUBDSCHK.txt (text/plain) in CBT.V505.FILE860.PDS, moved to PDS/SUBDSCHK
2023-08-06 08:04:54.399081 - Found SUBDSDEL.txt (text/plain) in CBT.V505.FILE860.PDS, moved to PDS/SUBDSDEL
2023-08-06 08:04:54.399993 - Found SUBDSERV.txt (text/plain) in CBT.V505.FILE860.PDS, moved to PDS/SUBDSERV
2023-08-06 08:04:54.400871 - Found SUBDTE.txt (text/plain) in CBT.V505.FILE860.PDS, moved to PDS/SUBDTE
2023-08-06 08:04:54.401757 - Found SUBD2J.txt (text/plain) in CBT.V505.FILE860.PDS, moved to PDS/SUBD2J
2023-08-06 08:04:54.402747 - Found SUBFETCH.txt (text/plain) in CBT.V505.FILE860.PDS, moved to PDS/SUBFETCH
2023-08-06 08:04:54.403659 - Found SUBINST.txt (text/plain) in CBT.V505.FILE860.PDS, moved to PDS/SUBINST
2023-08-06 08:04:54.404459 - Found SUBLOCAT.txt (text/plain) in CBT.V505.FILE860.PDS, moved to PDS/SUBLOCAT
2023-08-06 08:04:54.405287 - Found SUBLPALK.txt (text/plain) in CBT.V505.FILE860.PDS, moved to PDS/SUBLPALK
2023-08-06 08:04:54.406212 - Found SUBPDCNT.txt (text/plain) in CBT.V505.FILE860.PDS, moved to PDS/SUBPDCNT
2023-08-06 08:04:54.407157 - Found SUBPDUMP.txt (text/plain) in CBT.V505.FILE860.PDS, moved to PDS/SUBPDUMP
2023-08-06 08:04:54.407999 - Found SUBPERM.txt (text/plain) in CBT.V505.FILE860.PDS, moved to PDS/SUBPERM
2023-08-06 08:04:54.408797 - Found SUBPRT.txt (text/plain) in CBT.V505.FILE860.PDS, moved to PDS/SUBPRT
2023-08-06 08:04:54.409612 - Found SUBP2D.txt (text/plain) in CBT.V505.FILE860.PDS, moved to PDS/SUBP2D
2023-08-06 08:04:54.410451 - Found SUBP2M.txt (text/plain) in CBT.V505.FILE860.PDS, moved to PDS/SUBP2M
2023-08-06 08:04:54.411221 - Found SUBP2N.txt (text/plain) in CBT.V505.FILE860.PDS, moved to PDS/SUBP2N
2023-08-06 08:04:54.411992 - Found SUBP2W.txt (text/plain) in CBT.V505.FILE860.PDS, moved to PDS/SUBP2W
2023-08-06 08:04:54.412769 - Found SUBQUERY.txt (text/plain) in CBT.V505.FILE860.PDS, moved to PDS/SUBQUERY
2023-08-06 08:04:54.413716 - Found SUBRDR.txt (text/plain) in CBT.V505.FILE860.PDS, moved to PDS/SUBRDR
2023-08-06 08:04:54.414689 - Found SUBSECT.txt (text/plain) in CBT.V505.FILE860.PDS, moved to PDS/SUBSECT
2023-08-06 08:04:54.415673 - Found SUBSERV.txt (text/plain) in CBT.V505.FILE860.PDS, moved to PDS/SUBSERV
2023-08-06 08:04:54.416591 - Found SUBSTCK.txt (text/plain) in CBT.V505.FILE860.PDS, moved to PDS/SUBSTCK
2023-08-06 08:04:54.417501 - Found SUBSTRIP.txt (text/plain) in CBT.V505.FILE860.PDS, moved to PDS/SUBSTRIP
2023-08-06 08:04:54.418492 - Found SUBTGET.txt (text/plain) in CBT.V505.FILE860.PDS, moved to PDS/SUBTGET
2023-08-06 08:04:54.419356 - Found SUBTIMER.txt (text/plain) in CBT.V505.FILE860.PDS, moved to PDS/SUBTIMER
2023-08-06 08:04:54.420416 - Found SUBTIODD.txt (text/plain) in CBT.V505.FILE860.PDS, moved to PDS/SUBTIODD
2023-08-06 08:04:54.421310 - Found SUBTPUT.txt (text/plain) in CBT.V505.FILE860.PDS, moved to PDS/SUBTPUT
2023-08-06 08:04:54.422334 - Found SUBTRAP.txt (text/plain) in CBT.V505.FILE860.PDS, moved to PDS/SUBTRAP
2023-08-06 08:04:54.423300 - Found SUBTREE.txt (text/plain) in CBT.V505.FILE860.PDS, moved to PDS/SUBTREE
2023-08-06 08:04:54.424169 - Found SUBUCBLK.txt (text/plain) in CBT.V505.FILE860.PDS, moved to PDS/SUBUCBLK
2023-08-06 08:04:54.425109 - Found SUBUCBTY.txt (text/plain) in CBT.V505.FILE860.PDS, moved to PDS/SUBUCBTY
2023-08-06 08:04:54.426050 - Found SUBVERB.txt (text/plain) in CBT.V505.FILE860.PDS, moved to PDS/SUBVERB
2023-08-06 08:04:54.426916 - Found SUBVTOCI.txt (text/plain) in CBT.V505.FILE860.PDS, moved to PDS/SUBVTOCI
2023-08-06 08:04:54.427746 - Found SUBVTVAL.txt (text/plain) in CBT.V505.FILE860.PDS, moved to PDS/SUBVTVAL
2023-08-06 08:04:54.428564 - Found SUBWTO.txt (text/plain) in CBT.V505.FILE860.PDS, moved to PDS/SUBWTO
2023-08-06 08:04:54.429346 - Found SUBXAOUT.txt (text/plain) in CBT.V505.FILE860.PDS, moved to PDS/SUBXAOUT
2023-08-06 08:04:54.430300 - Found SUBXTSUM.txt (text/plain) in CBT.V505.FILE860.PDS, moved to PDS/SUBXTSUM
2023-08-06 08:04:54.431229 - Found SVCDUMMY.txt (text/plain) in CBT.V505.FILE860.PDS, moved to PDS/SVCDUMMY
2023-08-06 08:04:54.432084 - Found SVCMIL.txt (text/plain) in CBT.V505.FILE860.PDS, moved to PDS/SVCMIL
2023-08-06 08:04:54.432968 - Found SVCUPDTE.txt (text/plain) in CBT.V505.FILE860.PDS, moved to PDS/SVCUPDTE
2023-08-06 08:04:54.433926 - Found SYNCUSER.txt (text/plain) in CBT.V505.FILE860.PDS, moved to PDS/SYNCUSER
2023-08-06 08:04:54.434780 - Found TABLABEL.txt (text/plain) in CBT.V505.FILE860.PDS, moved to PDS/TABLABEL
2023-08-06 08:04:54.435739 - Found TAGCOBOL.txt (text/plain) in CBT.V505.FILE860.PDS, moved to PDS/TAGCOBOL
2023-08-06 08:04:54.436853 - Found TAPEMAP.txt (text/plain) in CBT.V505.FILE860.PDS, moved to PDS/TAPEMAP
2023-08-06 08:04:54.437792 - Found TAPEMARK.txt (text/plain) in CBT.V505.FILE860.PDS, moved to PDS/TAPEMARK
2023-08-06 08:04:54.438810 - Found TERMTEST.txt (text/plain) in CBT.V505.FILE860.PDS, moved to PDS/TERMTEST
2023-08-06 08:04:54.439742 - Found TESTGETM.txt (text/plain) in CBT.V505.FILE860.PDS, moved to PDS/TESTGETM
2023-08-06 08:04:54.440714 - Found TESTSCRN.txt (text/plain) in CBT.V505.FILE860.PDS, moved to PDS/TESTSCRN
2023-08-06 08:04:54.441580 - Found TESTSD95.txt (text/plain) in CBT.V505.FILE860.PDS, moved to PDS/TESTSD95
2023-08-06 08:04:54.442535 - Found TESTSFET.txt (text/plain) in CBT.V505.FILE860.PDS, moved to PDS/TESTSFET
2023-08-06 08:04:54.443387 - Found TESTTPUT.txt (text/plain) in CBT.V505.FILE860.PDS, moved to PDS/TESTTPUT
2023-08-06 08:04:54.444239 - Found TIDYASM.txt (text/plain) in CBT.V505.FILE860.PDS, moved to PDS/TIDYASM
2023-08-06 08:04:54.445226 - Found TIMEDAY.txt (text/plain) in CBT.V505.FILE860.PDS, moved to PDS/TIMEDAY
2023-08-06 08:04:54.446161 - Found TMSBACKS.txt (text/plain) in CBT.V505.FILE860.PDS, moved to PDS/TMSBACKS
2023-08-06 08:04:54.447147 - Found TMSULIST.txt (text/plain) in CBT.V505.FILE860.PDS, moved to PDS/TMSULIST
2023-08-06 08:04:54.448065 - Found TO.txt (text/plain) in CBT.V505.FILE860.PDS, moved to PDS/TO
2023-08-06 08:04:54.448995 - Found TRANUTIL.txt (text/plain) in CBT.V505.FILE860.PDS, moved to PDS/TRANUTIL
2023-08-06 08:04:54.449981 - Found TSCLOCK.txt (text/plain) in CBT.V505.FILE860.PDS, moved to PDS/TSCLOCK
2023-08-06 08:04:54.450996 - Found TSMDIST.txt (text/plain) in CBT.V505.FILE860.PDS, moved to PDS/TSMDIST
2023-08-06 08:04:54.451990 - Found UCBPRINT.txt (text/plain) in CBT.V505.FILE860.PDS, moved to PDS/UCBPRINT
2023-08-06 08:04:54.452799 - Found UCS1NONE.txt (text/plain) in CBT.V505.FILE860.PDS, moved to PDS/UCS1NONE
2023-08-06 08:04:54.453780 - Found UCS1TN.txt (text/plain) in CBT.V505.FILE860.PDS, moved to PDS/UCS1TN
2023-08-06 08:04:54.454648 - Found UCS1UN.txt (text/plain) in CBT.V505.FILE860.PDS, moved to PDS/UCS1UN
2023-08-06 08:04:54.455588 - Found UCS2O11.txt (text/plain) in CBT.V505.FILE860.PDS, moved to PDS/UCS2O11
2023-08-06 08:04:54.456544 - Found UCS2S11.txt (text/plain) in CBT.V505.FILE860.PDS, moved to PDS/UCS2S11
2023-08-06 08:04:54.457455 - Found UCS3BN.txt (text/plain) in CBT.V505.FILE860.PDS, moved to PDS/UCS3BN
2023-08-06 08:04:54.458372 - Found UCS3ON.txt (text/plain) in CBT.V505.FILE860.PDS, moved to PDS/UCS3ON
2023-08-06 08:04:54.459470 - Found UNTAB.txt (text/plain) in CBT.V505.FILE860.PDS, moved to PDS/UNTAB
2023-08-06 08:04:54.460527 - Found VABDUMP.txt (text/plain) in CBT.V505.FILE860.PDS, moved to PDS/VABDUMP
2023-08-06 08:04:54.461590 - Found VARLINK.txt (text/plain) in CBT.V505.FILE860.PDS, moved to PDS/VARLINK
2023-08-06 08:04:54.462602 - Found VATBUILD.txt (text/plain) in CBT.V505.FILE860.PDS, moved to PDS/VATBUILD
2023-08-06 08:04:54.463597 - Found VATUCB.txt (text/plain) in CBT.V505.FILE860.PDS, moved to PDS/VATUCB
2023-08-06 08:04:54.464728 - Found VLISTPAK.txt (text/plain) in CBT.V505.FILE860.PDS, moved to PDS/VLISTPAK
2023-08-06 08:04:54.465808 - Found VSCATLST.txt (text/plain) in CBT.V505.FILE860.PDS, moved to PDS/VSCATLST
2023-08-06 08:04:54.466685 - Found WAITTIME.txt (text/plain) in CBT.V505.FILE860.PDS, moved to PDS/WAITTIME
2023-08-06 08:04:54.467646 - Found WORM.txt (text/plain) in CBT.V505.FILE860.PDS, moved to PDS/WORM
2023-08-06 08:04:54.468480 - Found WYLCLEAN.txt (text/plain) in CBT.V505.FILE860.PDS, moved to PDS/WYLCLEAN
2023-08-06 08:04:54.469395 - Found WYLCOMP.txt (text/plain) in CBT.V505.FILE860.PDS, moved to PDS/WYLCOMP
2023-08-06 08:04:54.470417 - Found WYLCONV.txt (text/plain) in CBT.V505.FILE860.PDS, moved to PDS/WYLCONV
2023-08-06 08:04:54.471423 - Found WYLCOPDS.txt (text/plain) in CBT.V505.FILE860.PDS, moved to PDS/WYLCOPDS
2023-08-06 08:04:54.472359 - Found WYLCOPY.txt (text/plain) in CBT.V505.FILE860.PDS, moved to PDS/WYLCOPY
2023-08-06 08:04:54.473255 - Found WYLDCOMP.txt (text/plain) in CBT.V505.FILE860.PDS, moved to PDS/WYLDCOMP
2023-08-06 08:04:54.473273 - Found WYLKERM.bin containing application/octet-stream, moved to PDS/WYLKERM
2023-08-06 08:04:54.475022 - Found WYLOLDNU.txt (text/plain) in CBT.V505.FILE860.PDS, moved to PDS/WYLOLDNU
2023-08-06 08:04:54.475863 - Found WYLPAGER.txt (text/plain) in CBT.V505.FILE860.PDS, moved to PDS/WYLPAGER
2023-08-06 08:04:54.476733 - Found WYLPASWD.txt (text/plain) in CBT.V505.FILE860.PDS, moved to PDS/WYLPASWD
2023-08-06 08:04:54.477604 - Found WYLSPACE.txt (text/plain) in CBT.V505.FILE860.PDS, moved to PDS/WYLSPACE
2023-08-06 08:04:54.478626 - Found WYLVTOC.txt (text/plain) in CBT.V505.FILE860.PDS, moved to PDS/WYLVTOC
2023-08-06 08:04:54.479555 - Found WYLVTOCS.txt (text/plain) in CBT.V505.FILE860.PDS, moved to PDS/WYLVTOCS
2023-08-06 08:04:54.480438 - Found XCOMPARE.txt (text/plain) in CBT.V505.FILE860.PDS, moved to PDS/XCOMPARE
2023-08-06 08:04:54.481454 - Found XERFONTS.txt (text/plain) in CBT.V505.FILE860.PDS, moved to PDS/XERFONTS
2023-08-06 08:04:54.482444 - Found XMASTREE.txt (text/plain) in CBT.V505.FILE860.PDS, moved to PDS/XMASTREE
2023-08-06 08:04:54.483416 - Found XSAM.txt (text/plain) in CBT.V505.FILE860.PDS, moved to PDS/XSAM
2023-08-06 08:04:54.484399 - Found YALECOMP.txt (text/plain) in CBT.V505.FILE860.PDS, moved to PDS/YALECOMP
2023-08-06 08:04:54.484408 - Found ZAP.x-dosexec containing application/x-dosexec, moved to PDS/ZAP
2023-08-06 08:04:54.485677 - Found ZAPDSCB.x-dosexec containing application/x-dosexec, moved to PDS/ZAPDSCB
2023-08-06 08:04:54.487801 - Found ZAPOSMEM.txt (text/plain) in CBT.V505.FILE860.PDS, moved to PDS/ZAPOSMEM
2023-08-06 08:04:54.488624 - Found ZOSUJV.txt (text/plain) in CBT.V505.FILE860.PDS, moved to PDS/ZOSUJV
2023-08-06 08:04:54.489425 - Found ZZLNKDAT.txt (text/plain) in CBT.V505.FILE860.PDS, moved to PDS/ZZLNKDAT
2023-08-06 08:04:54.490364 - Found ZZLNKREF.txt (text/plain) in CBT.V505.FILE860.PDS, moved to PDS/ZZLNKREF
2023-08-06 08:04:54.491169 - Found ZZPXDSN.txt (text/plain) in CBT.V505.FILE860.PDS, moved to PDS/ZZPXDSN
2023-08-06 08:04:54.492125 - Found ZZRELINK.txt (text/plain) in CBT.V505.FILE860.PDS, moved to PDS/ZZRELINK
